<?xml version="1.0" encoding="UTF-8"?>
<coverage generated="1677743391856" clover="3.2.0">
  <project timestamp="1677743391856" name="All files">
    <metrics statements="9" coveredstatements="9" conditionals="1" coveredconditionals="0" methods="7" coveredmethods="7" elements="17" coveredelements="16" complexity="0" loc="9" ncloc="9" packages="1" files="1" classes="1"/>
    <file name="createStore.js" path="C:\Users\user\Desktop\excel\src\core\store\createStore.js">
      <metrics statements="9" coveredstatements="9" conditionals="1" coveredconditionals="0" methods="7" coveredmethods="7"/>
      <line num="2" count="8" type="stmt"/>
      <line num="3" count="8" type="stmt"/>
      <line num="4" count="8" type="stmt"/>
      <line num="6" count="2" type="stmt"/>
      <line num="7" count="2" type="stmt"/>
      <line num="9" count="1" type="stmt"/>
      <line num="14" count="5" type="stmt"/>
      <line num="15" count="5" type="stmt"/>
      <line num="18" count="6" type="stmt"/>
    </file>
  </project>
</coverage>
