<?xml version="1.0" encoding="UTF-8"?>
<coverage generated="1677741869444" clover="3.2.0">
  <project timestamp="1677741869444" name="All files">
    <metrics statements="9" coveredstatements="4" conditionals="1" coveredconditionals="0" methods="7" coveredmethods="2" elements="17" coveredelements="6" complexity="0" loc="9" ncloc="9" packages="1" files="1" classes="1"/>
    <file name="createStore.js" path="C:\Users\user\Desktop\excel\src\core\store\createStore.js">
      <metrics statements="9" coveredstatements="4" conditionals="1" coveredconditionals="0" methods="7" coveredmethods="2"/>
      <line num="2" count="2" type="stmt"/>
      <line num="3" count="2" type="stmt"/>
      <line num="4" count="2" type="stmt"/>
      <line num="6" count="0" type="stmt"/>
      <line num="7" count="0" type="stmt"/>
      <line num="9" count="0" type="stmt"/>
      <line num="14" count="0" type="stmt"/>
      <line num="15" count="0" type="stmt"/>
      <line num="18" count="1" type="stmt"/>
    </file>
  </project>
</coverage>
