{"C:\\Users\\user\\Desktop\\excel\\src\\core\\store\\createStore.js": {"path":"C:\\Users\\user\\Desktop\\excel\\src\\core\\store\\createStore.js","statementMap":{"0":{"start":{"line":2,"column":14},"end":{"line":2,"column":68}},"1":{"start":{"line":3,"column":18},"end":{"line":3,"column":20}},"2":{"start":{"line":4,"column":2},"end":{"line":20,"column":4}},"3":{"start":{"line":6,"column":6},"end":{"line":6,"column":25}},"4":{"start":{"line":7,"column":6},"end":{"line":11,"column":8}},"5":{"start":{"line":9,"column":10},"end":{"line":9,"column":56}},"6":{"start":{"line":9,"column":46},"end":{"line":9,"column":54}},"7":{"start":{"line":14,"column":6},"end":{"line":14,"column":41}},"8":{"start":{"line":15,"column":6},"end":{"line":15,"column":55}},"9":{"start":{"line":15,"column":38},"end":{"line":15,"column":53}},"10":{"start":{"line":18,"column":6},"end":{"line":18,"column":47}}},"fnMap":{"0":{"name":"createStore","decl":{"start":{"line":1,"column":16},"end":{"line":1,"column":27}},"loc":{"start":{"line":1,"column":60},"end":{"line":21,"column":1}},"line":1},"1":{"name":"(anonymous_1)","decl":{"start":{"line":5,"column":4},"end":{"line":5,"column":5}},"loc":{"start":{"line":5,"column":18},"end":{"line":12,"column":5}},"line":5},"2":{"name":"(anonymous_2)","decl":{"start":{"line":8,"column":8},"end":{"line":8,"column":9}},"loc":{"start":{"line":8,"column":22},"end":{"line":10,"column":9}},"line":8},"3":{"name":"(anonymous_3)","decl":{"start":{"line":9,"column":39},"end":{"line":9,"column":40}},"loc":{"start":{"line":9,"column":46},"end":{"line":9,"column":54}},"line":9},"4":{"name":"(anonymous_4)","decl":{"start":{"line":13,"column":4},"end":{"line":13,"column":5}},"loc":{"start":{"line":13,"column":21},"end":{"line":16,"column":5}},"line":13},"5":{"name":"(anonymous_5)","decl":{"start":{"line":15,"column":24},"end":{"line":15,"column":25}},"loc":{"start":{"line":15,"column":38},"end":{"line":15,"column":53}},"line":15},"6":{"name":"(anonymous_6)","decl":{"start":{"line":17,"column":4},"end":{"line":17,"column":5}},"loc":{"start":{"line":17,"column":15},"end":{"line":19,"column":5}},"line":17}},"branchMap":{"0":{"loc":{"start":{"line":1,"column":41},"end":{"line":1,"column":58}},"type":"default-arg","locations":[{"start":{"line":1,"column":56},"end":{"line":1,"column":58}}],"line":1}},"s":{"0":8,"1":8,"2":8,"3":2,"4":2,"5":1,"6":1,"7":5,"8":5,"9":1,"10":6},"f":{"0":8,"1":2,"2":1,"3":1,"4":5,"5":1,"6":6},"b":{"0":[0]},"_coverageSchema":"1a1c01bbd47fc00a2c39e90264f33305004495a9","hash":"2f2c6a55fbebfb99a17251fdcfc92471147e86e8"}
}
